#
# There is insufficient memory for the Java Runtime Environment to continue.
# Native memory allocation (mmap) failed to map 134217728 bytes for G1 virtual space
# Possible reasons:
#   The system is out of physical RAM or swap space
#   The process is running with CompressedOops enabled, and the Java Heap may be blocking the growth of the native heap
# Possible solutions:
#   Reduce memory load on the system
#   Increase physical memory or swap space
#   Check if swap backing store is full
#   Decrease Java heap size (-Xmx/-Xms)
#   Decrease number of Java threads
#   Decrease Java thread stack sizes (-Xss)
#   Set larger code cache with -XX:ReservedCodeCacheSize=
#   JVM is running with Unscaled Compressed Oops mode in which the Java heap is
#     placed in the first 4GB address space. The Java Heap base address is the
#     maximum limit for the native heap growth. Please use -XX:HeapBaseMinAddress
#     to set the Java Heap base and to place the Java Heap above 4GB virtual address.
# This output file may be truncated or incomplete.
#
#  Out of Memory Error (os_windows.cpp:3528), pid=14664, tid=15040
#
# JRE version:  (20.0.2+9) (build )
# Java VM: Java HotSpot(TM) 64-Bit Server VM (20.0.2+9-78, mixed mode, sharing, tiered, compressed oops, compressed class ptrs, g1 gc, windows-amd64)
# No core dump will be written. Minidumps are not enabled by default on client versions of Windows
#

---------------  S U M M A R Y ------------

Command Line: -Dfile.encoding=UTF-8 --module-path=C:\Users\user\eclipse-workspace\variables\dialpad\bin -XX:+ShowCodeDetailsInExceptionMessages -Djdk.module.main=dialpad dialpad/dialpad.Dialpad

Host: Intel(R) Core(TM) i5-6300U CPU @ 2.40GHz, 4 cores, 7G,  Windows 10 , 64 bit Build 19041 (10.0.19041.3393)
Time: Fri Oct  6 13:39:17 2023 E. Africa Standard Time elapsed time: 0.030193 seconds (0d 0h 0m 0s)

---------------  T H R E A D  ---------------

Current thread (0x000001a0021b6990):  JavaThread "Unknown thread" [_thread_in_vm, id=15040, stack(0x00000073ac700000,0x00000073ac800000)]

Stack: [0x00000073ac700000,0x00000073ac800000]
Native frames: (J=compiled Java code, j=interpreted, Vv=VM code, C=native code)
V  [jvm.dll+0x6bc25a]
V  [jvm.dll+0x84971a]
V  [jvm.dll+0x84b315]
V  [jvm.dll+0x84ba13]
V  [jvm.dll+0x280e4f]
V  [jvm.dll+0x6b8fe9]
V  [jvm.dll+0x6adbca]
V  [jvm.dll+0x35b165]
V  [jvm.dll+0x363386]
V  [jvm.dll+0x3b400e]
V  [jvm.dll+0x3b4295]
V  [jvm.dll+0x32b86a]
V  [jvm.dll+0x32c68b]
V  [jvm.dll+0x8123df]
V  [jvm.dll+0x3c1261]
V  [jvm.dll+0x7fe103]
V  [jvm.dll+0x44ccaf]
V  [jvm.dll+0x44e621]
C  [jli.dll+0x5287]
C  [ucrtbase.dll+0x21bb2]
C  [KERNEL32.DLL+0x17344]
C  [ntdll.dll+0x526b1]


---------------  P R O C E S S  ---------------

Threads class SMR info:
_java_thread_list=0x00007ff99d70b118, length=0, elements={
}

Java Threads: ( => current thread )

Other Threads:
  0x000001a002219dc0 WorkerThread "GC Thread#0" [stack: 0x00000073ac800000,0x00000073ac900000] [id=7532]
  0x000001a00222b250 ConcurrentGCThread "G1 Main Marker" [stack: 0x00000073ac900000,0x00000073aca00000] [id=14972]
  0x000001a00222bc80 WorkerThread "G1 Conc#0" [stack: 0x00000073aca00000,0x00000073acb00000] [id=15572]

[error occurred during error reporting (printing all threads), id 0xc0000005, EXCEPTION_ACCESS_VIOLATION (0xc0000005) at pc=0x00007ff99ceeeea7]
VM state: not at safepoint (not fully initialized)

VM Mutex/Monitor currently owned by a thread:  ([mutex/lock_event])
[0x000001a07ff9c560] Heap_lock - owner thread: 0x000001a0021b6990

Heap address: 0x0000000081e00000, size: 2018 MB, Compressed Oops mode: 32-bit

CDS archive(s) mapped at: [0x0000000000000000-0x0000000000000000-0x0000000000000000), size 0, SharedBaseAddress: 0x0000000800000000, ArchiveRelocationMode: 1.
Narrow klass base: 0x0000000000000000, Narrow klass shift: 0, Narrow klass range: 0x0

GC Precious Log:
 CardTable entry size: 512
 Card Set container configuration: InlinePtr #cards 5 size 8 Array Of Cards #cards 12 size 40 Howl #buckets 4 coarsen threshold 1843 Howl Bitmap #cards 512 size 80 coarsen threshold 460 Card regions per heap region 1 cards per card region 2048

Heap:
 garbage-first heap   total 0K, used 0K [0x0000000081e00000, 0x0000000100000000)
  region size 1024K, 0 young (0K), 0 survivors (0K)

[error occurred during error reporting (printing heap information), id 0xc0000005, EXCEPTION_ACCESS_VIOLATION (0xc0000005) at pc=0x00007ff99d2c47b9]
GC Heap History (0 events):
No events

Dll operation events (1 events):
Event: 0.018 Loaded shared library C:\Program Files\Java\jdk-20\bin\java.dll

Deoptimization events (0 events):
No events

Classes loaded (0 events):
No events

Classes unloaded (0 events):
No events

Classes redefined (0 events):
No events

Internal exceptions (0 events):
No events

VM Operations (0 events):
No events

Events (0 events):
No events


Dynamic libraries:
0x00007ff710330000 - 0x00007ff710340000 	C:\Program Files\Java\jdk-20\bin\javaw.exe
0x00007ffa0ab50000 - 0x00007ffa0ad48000 	C:\Windows\SYSTEM32\ntdll.dll
0x00007ffa0a4c0000 - 0x00007ffa0a57d000 	C:\Windows\System32\KERNEL32.DLL
0x00007ffa084f0000 - 0x00007ffa087e6000 	C:\Windows\System32\KERNELBASE.dll
0x00007ffa08ab0000 - 0x00007ffa08bb0000 	C:\Windows\System32\ucrtbase.dll
0x00007ff9fb400000 - 0x00007ff9fb41b000 	C:\Program Files\Java\jdk-20\bin\VCRUNTIME140.dll
0x00007ff9f7530000 - 0x00007ff9f7549000 	C:\Program Files\Java\jdk-20\bin\jli.dll
0x00007ffa09630000 - 0x00007ffa096de000 	C:\Windows\System32\ADVAPI32.dll
0x00007ffa08f20000 - 0x00007ffa08fbe000 	C:\Windows\System32\msvcrt.dll
0x00007ffa0a3a0000 - 0x00007ffa0a43c000 	C:\Windows\System32\sechost.dll
0x00007ffa0a630000 - 0x00007ffa0a756000 	C:\Windows\System32\RPCRT4.dll
0x00007ffa08bd0000 - 0x00007ffa08d6e000 	C:\Windows\System32\USER32.dll
0x00007ffa08a30000 - 0x00007ffa08a52000 	C:\Windows\System32\win32u.dll
0x00007ffa0a600000 - 0x00007ffa0a62c000 	C:\Windows\System32\GDI32.dll
0x00007ffa083d0000 - 0x00007ffa084ea000 	C:\Windows\System32\gdi32full.dll
0x00007ffa08330000 - 0x00007ffa083cd000 	C:\Windows\System32\msvcp_win.dll
0x00007ff9e93b0000 - 0x00007ff9e964a000 	C:\Windows\WinSxS\amd64_microsoft.windows.common-controls_6595b64144ccf1df_6.0.19041.1110_none_60b5254171f9507e\COMCTL32.dll
0x00007ff9f5540000 - 0x00007ff9f554a000 	C:\Windows\SYSTEM32\VERSION.dll
0x00007ffa0a190000 - 0x00007ffa0a1c0000 	C:\Windows\System32\IMM32.DLL
0x00007ffa021e0000 - 0x00007ffa021ec000 	C:\Program Files\Java\jdk-20\bin\vcruntime140_1.dll
0x00007ff9d31b0000 - 0x00007ff9d323e000 	C:\Program Files\Java\jdk-20\bin\msvcp140.dll
0x00007ff99cbb0000 - 0x00007ff99d848000 	C:\Program Files\Java\jdk-20\bin\server\jvm.dll
0x00007ff9e89a0000 - 0x00007ff9e89a9000 	C:\Windows\SYSTEM32\WSOCK32.dll
0x00007ff9e47b0000 - 0x00007ff9e47d7000 	C:\Windows\SYSTEM32\WINMM.dll
0x00007ffa0a580000 - 0x00007ffa0a5eb000 	C:\Windows\System32\WS2_32.dll
0x00007ffa069f0000 - 0x00007ffa06a02000 	C:\Windows\SYSTEM32\kernel.appcore.dll
0x00007ffa000f0000 - 0x00007ffa000fa000 	C:\Program Files\Java\jdk-20\bin\jimage.dll
0x00007ffa02f10000 - 0x00007ffa030f4000 	C:\Windows\SYSTEM32\DBGHELP.DLL
0x00007ff9f52b0000 - 0x00007ff9f52e4000 	C:\Windows\SYSTEM32\dbgcore.DLL
0x00007ffa08230000 - 0x00007ffa082b2000 	C:\Windows\System32\bcryptPrimitives.dll
0x00007ff9f6940000 - 0x00007ff9f6966000 	C:\Program Files\Java\jdk-20\bin\java.dll

dbghelp: loaded successfully - version: 4.0.5 - missing functions: none
symbol engine: initialized successfully - sym options: 0x614 - pdb path: .;C:\Program Files\Java\jdk-20\bin;C:\Windows\SYSTEM32;C:\Windows\WinSxS\amd64_microsoft.windows.common-controls_6595b64144ccf1df_6.0.19041.1110_none_60b5254171f9507e;C:\Program Files\Java\jdk-20\bin\server

VM Arguments:
jvm_args: -Dfile.encoding=UTF-8 --module-path=C:\Users\user\eclipse-workspace\variables\dialpad\bin -XX:+ShowCodeDetailsInExceptionMessages -Djdk.module.main=dialpad 
java_command: dialpad/dialpad.Dialpad
java_class_path (initial): <not set>
Launcher Type: SUN_STANDARD

[Global flags]
     intx CICompilerCount                          = 3                                         {product} {ergonomic}
     uint ConcGCThreads                            = 1                                         {product} {ergonomic}
     uint G1ConcRefinementThreads                  = 4                                         {product} {ergonomic}
   size_t G1HeapRegionSize                         = 1048576                                   {product} {ergonomic}
    uintx GCDrainStackTargetSize                   = 64                                        {product} {ergonomic}
   size_t InitialHeapSize                          = 134217728                                 {product} {ergonomic}
   size_t MarkStackSize                            = 4194304                                   {product} {ergonomic}
   size_t MaxHeapSize                              = 2116026368                                {product} {ergonomic}
   size_t MinHeapDeltaBytes                        = 1048576                                   {product} {ergonomic}
   size_t MinHeapSize                              = 8388608                                   {product} {ergonomic}
    uintx NonNMethodCodeHeapSize                   = 5832780                                {pd product} {ergonomic}
    uintx NonProfiledCodeHeapSize                  = 122912730                              {pd product} {ergonomic}
    uintx ProfiledCodeHeapSize                     = 122912730                              {pd product} {ergonomic}
    uintx ReservedCodeCacheSize                    = 251658240                              {pd product} {ergonomic}
     bool SegmentedCodeCache                       = true                                      {product} {ergonomic}
     bool ShowCodeDetailsInExceptionMessages       = true                                   {manageable} {command line}
   size_t SoftMaxHeapSize                          = 2116026368                             {manageable} {ergonomic}
     bool UseCompressedClassPointers               = true                           {product lp64_product} {ergonomic}
     bool UseCompressedOops                        = true                           {product lp64_product} {ergonomic}
     bool UseG1GC                                  = true                                      {product} {ergonomic}
     bool UseLargePagesIndividualAllocation        = false                                  {pd product} {ergonomic}

Logging:
Log output configuration:
 #0: stdout all=warning uptime,level,tags foldmultilines=false
 #1: stderr all=off uptime,level,tags foldmultilines=false

Environment Variables:
PATH=C:/Program Files/Java/jdk-20/bin/server;C:/Program Files/Java/jdk-20/bin;C:\Program Files\Common Files\Oracle\Java\javapath;C:\Windows\system32;C:\Windows;C:\Windows\System32\Wbem;C:\Windows\System32\WindowsPowerShell\v1.0\;C:\Windows\System32\OpenSSH\;C:\ProgramData\chocolatey\bin;C:\Program Files\MySQL\MySQL Server 5.5\bin;C:\Program Files\nodejs\;C:\Program Files\Java\jdk-20\bin;C:\Program Files\Git\cmd;C:\Program Files\swipl\bin;C:\Program Files\dotnet\;C:\Program Files (x86)\Windows Kits\10\Windows Performance Toolkit\;C:\Users\user\AppData\Local\Microsoft\WindowsApps;C:\Users\user\AppData\Local\Programs\Microsoft VS Code\bin;C:\Users\user\AppData\Local\GitHubDesktop\bin;C:\Users\user\AppData\Roaming\npm;C:\Users\user\.dotnet\tools;C:\Users\user\Desktop;
USERNAME=user
OS=Windows_NT
PROCESSOR_IDENTIFIER=Intel64 Family 6 Model 78 Stepping 3, GenuineIntel
TMP=C:\Users\user\AppData\Local\Temp
TEMP=C:\Users\user\AppData\Local\Temp




---------------  S Y S T E M  ---------------

OS:
 Windows 10 , 64 bit Build 19041 (10.0.19041.3393)
OS uptime: 2 days 2:23 hours
Hyper-V role detected

CPU: total 4 (initial active 4) (2 cores per cpu, 2 threads per core) family 6 model 78 stepping 3 microcode 0xf0, cx8, cmov, fxsr, ht, mmx, 3dnowpref, sse, sse2, sse3, ssse3, sse4.1, sse4.2, popcnt, lzcnt, tsc, tscinvbit, avx, avx2, aes, erms, clmul, bmi1, bmi2, rtm, adx, fma, vzeroupper, clflush, clflushopt, hv, rdtscp, f16c

Memory: 4k page, system-wide physical 8071M (3045M free)
TotalPageFile size 15457M (AvailPageFile size 7M)
current process WorkingSet (physical memory assigned to process): 10M, peak: 10M
current process commit charge ("private bytes"): 52M, peak: 179M

vm_info: Java HotSpot(TM) 64-Bit Server VM (20.0.2+9-78) for windows-amd64 JRE (20.0.2+9-78), built on 2023-06-14T10:08:48Z by "mach5one" with MS VC++ 17.1 (VS2022)

END.
